py-mpi4py/3.1.4(27):ERROR:105: Unable to locate a modulefile for 'python/3.11.6'
py-mpi4py/3.1.4(27):ERROR:105: Unable to locate a modulefile for 'hpe-mpi/2.27.p1.hmpt'
parquet-converters/0.8.1(26):ERROR:105: Unable to locate a modulefile for 'python/3.11.6'
parquet-converters/0.8.1(26):ERROR:105: Unable to locate a modulefile for 'hpe-mpi/2.27.p1.hmpt'
Autoloading python/3.10.8
Autoloading intel-oneapi-mkl/2021.4.0
Autoloading hpe-mpi/2.25.hmpt
Autoloading python/3.10.8
Autoloading hpe-mpi/2.25.hmpt
Autoloading python/3.10.8
Autoloading hpe-mpi/2.25.hmpt
+ srun dplace parallel-manipulator -v manipulate-connectome manip_config.json --output-dir=/gpfs/bbp.cscs.ch/project/proj112/home/kurban/christoph_paper/github/connectome-manipulator/examples/remove_connections/output/ --parallel --profile --convert-to-sonata --splits=100
Dashboard URL: r3i5n18.bbp.epfl.ch:8787
[INFO] Log file "/gpfs/bbp.cscs.ch/project/proj112/home/kurban/christoph_paper/github/connectome-manipulator/examples/remove_connections/output/logs/connectome_manipulation_2024-05-27_17h58.log" created!
[INFO] Version: connectome_manipulator 0.0.11.dev0
[INFO] Loading circuit from ./circuit_config.json
[INFO] Setting up 100 processing batch jobs...
[INFO] Starting Execution context
[INFO] Start job submission
[INFO] Split 1/100: Wiring connectome targeting 2118 neurons
[INFO] Split 2/100: Wiring connectome targeting 2118 neurons
[INFO] Split 3/100: Wiring connectome targeting 2118 neurons
[INFO] Split 4/100: Wiring connectome targeting 2118 neurons
[INFO] Split 5/100: Wiring connectome targeting 2118 neurons
[INFO] Split 6/100: Wiring connectome targeting 2118 neurons
[INFO] Split 7/100: Wiring connectome targeting 2118 neurons
[INFO] Split 8/100: Wiring connectome targeting 2118 neurons
[INFO] Split 9/100: Wiring connectome targeting 2118 neurons
[INFO] Split 10/100: Wiring connectome targeting 2118 neurons
[INFO] Split 11/100: Wiring connectome targeting 2118 neurons
[INFO] Split 12/100: Wiring connectome targeting 2118 neurons
[INFO] Split 13/100: Wiring connectome targeting 2118 neurons
[INFO] Split 14/100: Wiring connectome targeting 2118 neurons
[INFO] Split 15/100: Wiring connectome targeting 2118 neurons
[INFO] Split 16/100: Wiring connectome targeting 2118 neurons
[INFO] Split 17/100: Wiring connectome targeting 2118 neurons
[INFO] Split 18/100: Wiring connectome targeting 2118 neurons
[INFO] Split 19/100: Wiring connectome targeting 2118 neurons
[INFO] Split 20/100: Wiring connectome targeting 2118 neurons
[INFO] Split 21/100: Wiring connectome targeting 2118 neurons
[INFO] Split 22/100: Wiring connectome targeting 2118 neurons
[INFO] Split 23/100: Wiring connectome targeting 2118 neurons
[INFO] Split 24/100: Wiring connectome targeting 2118 neurons
[INFO] Split 25/100: Wiring connectome targeting 2118 neurons
[INFO] Split 26/100: Wiring connectome targeting 2118 neurons
[INFO] Split 27/100: Wiring connectome targeting 2118 neurons
[INFO] Split 28/100: Wiring connectome targeting 2118 neurons
[INFO] Split 29/100: Wiring connectome targeting 2118 neurons
[INFO] Split 30/100: Wiring connectome targeting 2118 neurons
[INFO] Split 31/100: Wiring connectome targeting 2118 neurons
[INFO] Split 32/100: Wiring connectome targeting 2118 neurons
[INFO] Split 33/100: Wiring connectome targeting 2118 neurons
[INFO] Split 34/100: Wiring connectome targeting 2118 neurons
[INFO] Split 35/100: Wiring connectome targeting 2118 neurons
[INFO] Split 36/100: Wiring connectome targeting 2118 neurons
[INFO] Split 37/100: Wiring connectome targeting 2118 neurons
[INFO] Split 38/100: Wiring connectome targeting 2118 neurons
[INFO] Split 39/100: Wiring connectome targeting 2118 neurons
[INFO] Split 40/100: Wiring connectome targeting 2118 neurons
[INFO] Split 41/100: Wiring connectome targeting 2118 neurons
[INFO] Split 42/100: Wiring connectome targeting 2118 neurons
[INFO] Split 43/100: Wiring connectome targeting 2118 neurons
[INFO] Split 44/100: Wiring connectome targeting 2118 neurons
[INFO] Split 45/100: Wiring connectome targeting 2118 neurons
[INFO] Split 46/100: Wiring connectome targeting 2118 neurons
[INFO] Split 47/100: Wiring connectome targeting 2118 neurons
[INFO] Split 48/100: Wiring connectome targeting 2118 neurons
[INFO] Split 49/100: Wiring connectome targeting 2118 neurons
[INFO] Split 50/100: Wiring connectome targeting 2118 neurons
[INFO] Split 51/100: Wiring connectome targeting 2118 neurons
[INFO] Split 52/100: Wiring connectome targeting 2118 neurons
[INFO] Split 53/100: Wiring connectome targeting 2118 neurons
[INFO] Split 54/100: Wiring connectome targeting 2118 neurons
[INFO] Split 55/100: Wiring connectome targeting 2118 neurons
[INFO] Split 56/100: Wiring connectome targeting 2118 neurons
[INFO] Split 57/100: Wiring connectome targeting 2118 neurons
[INFO] Split 58/100: Wiring connectome targeting 2118 neurons
[INFO] Split 59/100: Wiring connectome targeting 2118 neurons
[INFO] Split 60/100: Wiring connectome targeting 2118 neurons
[INFO] Split 61/100: Wiring connectome targeting 2118 neurons
[INFO] Split 62/100: Wiring connectome targeting 2118 neurons
[INFO] Split 63/100: Wiring connectome targeting 2118 neurons
[INFO] Split 64/100: Wiring connectome targeting 2118 neurons
[INFO] Split 65/100: Wiring connectome targeting 2118 neurons
[INFO] Split 66/100: Wiring connectome targeting 2118 neurons
[INFO] Split 67/100: Wiring connectome targeting 2118 neurons
[INFO] Split 68/100: Wiring connectome targeting 2118 neurons
[INFO] Split 69/100: Wiring connectome targeting 2118 neurons
[INFO] Split 70/100: Wiring connectome targeting 2118 neurons
[INFO] Split 71/100: Wiring connectome targeting 2118 neurons
[INFO] Split 72/100: Wiring connectome targeting 2118 neurons
[INFO] Split 73/100: Wiring connectome targeting 2118 neurons
[INFO] Split 74/100: Wiring connectome targeting 2118 neurons
[INFO] Split 75/100: Wiring connectome targeting 2118 neurons
[INFO] Split 76/100: Wiring connectome targeting 2118 neurons
[INFO] Split 77/100: Wiring connectome targeting 2118 neurons
[INFO] Split 78/100: Wiring connectome targeting 2118 neurons
[INFO] Split 79/100: Wiring connectome targeting 2118 neurons
[INFO] Split 80/100: Wiring connectome targeting 2118 neurons
[INFO] Split 81/100: Wiring connectome targeting 2118 neurons
[INFO] Split 82/100: Wiring connectome targeting 2118 neurons
[INFO] Split 83/100: Wiring connectome targeting 2118 neurons
[INFO] Split 84/100: Wiring connectome targeting 2118 neurons
[INFO] Split 85/100: Wiring connectome targeting 2118 neurons
[INFO] Split 86/100: Wiring connectome targeting 2118 neurons
[INFO] Split 87/100: Wiring connectome targeting 2118 neurons
[INFO] Split 88/100: Wiring connectome targeting 2118 neurons
[INFO] Split 89/100: Wiring connectome targeting 2118 neurons
[INFO] Split 90/100: Wiring connectome targeting 2118 neurons
[INFO] Split 91/100: Wiring connectome targeting 2118 neurons
[INFO] Split 92/100: Wiring connectome targeting 2118 neurons
[INFO] Split 93/100: Wiring connectome targeting 2118 neurons
[INFO] Split 94/100: Wiring connectome targeting 2118 neurons
[INFO] Split 95/100: Wiring connectome targeting 2118 neurons
[INFO] Split 96/100: Wiring connectome targeting 2118 neurons
[INFO] Split 97/100: Wiring connectome targeting 2118 neurons
[INFO] Split 98/100: Wiring connectome targeting 2118 neurons
[INFO] Split 99/100: Wiring connectome targeting 2118 neurons
[INFO] Split 100/100: Wiring connectome targeting 2030 neurons
[INFO] Jobs submitted to DASK
[INFO] [  1%] Finished 1 (out of 100) splits
[INFO] [  2%] Finished 2 (out of 100) splits
[INFO] [  3%] Finished 3 (out of 100) splits
[INFO] [  4%] Finished 4 (out of 100) splits
[INFO] [  5%] Finished 5 (out of 100) splits
[INFO] [  6%] Finished 6 (out of 100) splits
[INFO] [  7%] Finished 7 (out of 100) splits
[INFO] [  8%] Finished 8 (out of 100) splits
[INFO] [  9%] Finished 9 (out of 100) splits
[INFO] [ 10%] Finished 10 (out of 100) splits
[INFO] [ 11%] Finished 11 (out of 100) splits
[INFO] [ 12%] Finished 12 (out of 100) splits
[INFO] [ 13%] Finished 13 (out of 100) splits
[INFO] [ 14%] Finished 14 (out of 100) splits
[INFO] [ 15%] Finished 15 (out of 100) splits
[INFO] [ 16%] Finished 16 (out of 100) splits
[INFO] [ 17%] Finished 17 (out of 100) splits
[INFO] [ 18%] Finished 18 (out of 100) splits
[INFO] [ 19%] Finished 19 (out of 100) splits
[INFO] [ 20%] Finished 20 (out of 100) splits
[INFO] [ 21%] Finished 21 (out of 100) splits
[INFO] [ 22%] Finished 22 (out of 100) splits
[INFO] [ 23%] Finished 23 (out of 100) splits
[INFO] [ 24%] Finished 24 (out of 100) splits
[INFO] [ 25%] Finished 25 (out of 100) splits
[INFO] [ 26%] Finished 26 (out of 100) splits
[INFO] [ 27%] Finished 27 (out of 100) splits
[INFO] [ 28%] Finished 28 (out of 100) splits
[INFO] [ 29%] Finished 29 (out of 100) splits
[INFO] [ 30%] Finished 30 (out of 100) splits
[INFO] [ 31%] Finished 31 (out of 100) splits
[INFO] [ 32%] Finished 32 (out of 100) splits
[INFO] [ 33%] Finished 33 (out of 100) splits
[INFO] [ 34%] Finished 34 (out of 100) splits
[INFO] [ 35%] Finished 35 (out of 100) splits
[INFO] [ 36%] Finished 36 (out of 100) splits
[INFO] [ 37%] Finished 37 (out of 100) splits
[INFO] [ 38%] Finished 38 (out of 100) splits
[INFO] [ 39%] Finished 39 (out of 100) splits
[INFO] [ 40%] Finished 40 (out of 100) splits
[INFO] [ 41%] Finished 41 (out of 100) splits
[INFO] [ 42%] Finished 42 (out of 100) splits
[INFO] [ 43%] Finished 43 (out of 100) splits
[INFO] [ 44%] Finished 44 (out of 100) splits
[INFO] [ 45%] Finished 45 (out of 100) splits
[INFO] [ 46%] Finished 46 (out of 100) splits
[INFO] [ 47%] Finished 47 (out of 100) splits
[INFO] [ 48%] Finished 48 (out of 100) splits
[INFO] [ 49%] Finished 49 (out of 100) splits
[INFO] [ 50%] Finished 50 (out of 100) splits
[INFO] [ 51%] Finished 51 (out of 100) splits
[INFO] [ 52%] Finished 52 (out of 100) splits
[INFO] [ 53%] Finished 53 (out of 100) splits
[INFO] [ 54%] Finished 54 (out of 100) splits
[INFO] [ 55%] Finished 55 (out of 100) splits
[INFO] [ 56%] Finished 56 (out of 100) splits
[INFO] [ 57%] Finished 57 (out of 100) splits
[INFO] [ 58%] Finished 58 (out of 100) splits
[INFO] [ 59%] Finished 59 (out of 100) splits
[INFO] [ 60%] Finished 60 (out of 100) splits
[INFO] [ 61%] Finished 61 (out of 100) splits
[INFO] [ 62%] Finished 62 (out of 100) splits
[INFO] [ 63%] Finished 63 (out of 100) splits
[INFO] [ 64%] Finished 64 (out of 100) splits
[INFO] [ 65%] Finished 65 (out of 100) splits
[INFO] [ 66%] Finished 66 (out of 100) splits
[INFO] [ 67%] Finished 67 (out of 100) splits
[INFO] [ 68%] Finished 68 (out of 100) splits
[INFO] [ 69%] Finished 69 (out of 100) splits
[INFO] [ 70%] Finished 70 (out of 100) splits
[INFO] [ 71%] Finished 71 (out of 100) splits
[INFO] [ 72%] Finished 72 (out of 100) splits
[INFO] [ 73%] Finished 73 (out of 100) splits
[INFO] [ 74%] Finished 74 (out of 100) splits
[INFO] [ 75%] Finished 75 (out of 100) splits
[INFO] [ 76%] Finished 76 (out of 100) splits
[INFO] [ 77%] Finished 77 (out of 100) splits
[INFO] [ 78%] Finished 78 (out of 100) splits
[INFO] [ 79%] Finished 79 (out of 100) splits
[INFO] [ 80%] Finished 80 (out of 100) splits
[INFO] [ 81%] Finished 81 (out of 100) splits
[INFO] [ 82%] Finished 82 (out of 100) splits
[INFO] [ 83%] Finished 83 (out of 100) splits
[INFO] [ 84%] Finished 84 (out of 100) splits
[INFO] [ 85%] Finished 85 (out of 100) splits
[INFO] [ 86%] Finished 86 (out of 100) splits
[INFO] [ 87%] Finished 87 (out of 100) splits
[INFO] [ 88%] Finished 88 (out of 100) splits
[INFO] [ 89%] Finished 89 (out of 100) splits
[INFO] [ 90%] Finished 90 (out of 100) splits
[INFO] [ 91%] Finished 91 (out of 100) splits
[INFO] [ 92%] Finished 92 (out of 100) splits
[INFO] [ 93%] Finished 93 (out of 100) splits
[INFO] [ 94%] Finished 94 (out of 100) splits
[INFO] [ 95%] Finished 95 (out of 100) splits
[INFO] [ 96%] Finished 96 (out of 100) splits
[INFO] [ 97%] Finished 97 (out of 100) splits
[INFO] [ 98%] Finished 98 (out of 100) splits
[INFO] [ 99%] Finished 99 (out of 100) splits
[INFO] [100%] Finished 100 (out of 100) splits
[INFO] DASK jobs finished
[INFO] Shutting down DASK workers gracefully
2024-05-27 17:58:33,372 - distributed.scheduler - WARNING - Received heartbeat from unregistered worker 'tcp://10.80.153.212:41514'.
2024-05-27 17:58:33,373 - distributed.scheduler - WARNING - Received heartbeat from unregistered worker 'tcp://10.80.153.204:36941'.
2024-05-27 17:58:33,373 - distributed.worker - ERROR - Scheduler was unaware of this worker 'tcp://10.80.153.212:41514'. Shutting down.
2024-05-27 17:58:33,373 - distributed.scheduler - WARNING - Received heartbeat from unregistered worker 'tcp://10.80.153.154:37834'.
2024-05-27 17:58:33,373 - distributed.worker - ERROR - Scheduler was unaware of this worker 'tcp://10.80.153.204:36941'. Shutting down.
2024-05-27 17:58:33,373 - distributed.scheduler - WARNING - Received heartbeat from unregistered worker 'tcp://10.80.153.219:38274'.
2024-05-27 17:58:33,373 - distributed.worker - ERROR - Scheduler was unaware of this worker 'tcp://10.80.153.154:37834'. Shutting down.
2024-05-27 17:58:33,374 - distributed.scheduler - WARNING - Received heartbeat from unregistered worker 'tcp://10.80.153.200:37472'.
2024-05-27 17:58:33,374 - distributed.worker - ERROR - Scheduler was unaware of this worker 'tcp://10.80.153.219:38274'. Shutting down.
2024-05-27 17:58:33,374 - distributed.scheduler - WARNING - Received heartbeat from unregistered worker 'tcp://10.80.153.204:45277'.
2024-05-27 17:58:33,374 - distributed.worker - ERROR - Scheduler was unaware of this worker 'tcp://10.80.153.200:37472'. Shutting down.
2024-05-27 17:58:33,390 - distributed.scheduler - WARNING - Received heartbeat from unregistered worker 'tcp://10.80.153.219:43270'.
2024-05-27 17:58:33,390 - distributed.scheduler - WARNING - Received heartbeat from unregistered worker 'tcp://10.80.153.200:46733'.
2024-05-27 17:58:33,390 - distributed.worker - ERROR - Scheduler was unaware of this worker 'tcp://10.80.153.219:43270'. Shutting down.
2024-05-27 17:58:33,390 - distributed.scheduler - WARNING - Received heartbeat from unregistered worker 'tcp://10.80.154.123:35918'.
2024-05-27 17:58:33,390 - distributed.worker - ERROR - Scheduler was unaware of this worker 'tcp://10.80.153.200:46733'. Shutting down.
2024-05-27 17:58:33,391 - distributed.scheduler - WARNING - Received heartbeat from unregistered worker 'tcp://10.80.153.127:35308'.
2024-05-27 17:58:33,391 - distributed.worker - ERROR - Scheduler was unaware of this worker 'tcp://10.80.154.123:35918'. Shutting down.
2024-05-27 17:58:33,391 - distributed.scheduler - WARNING - Received heartbeat from unregistered worker 'tcp://10.80.153.129:44521'.
2024-05-27 17:58:33,391 - distributed.worker - ERROR - Scheduler was unaware of this worker 'tcp://10.80.153.127:35308'. Shutting down.
2024-05-27 17:58:33,391 - distributed.scheduler - WARNING - Received heartbeat from unregistered worker 'tcp://10.80.153.127:34851'.
2024-05-27 17:58:33,391 - distributed.worker - ERROR - Scheduler was unaware of this worker 'tcp://10.80.153.129:44521'. Shutting down.
2024-05-27 17:58:33,391 - distributed.scheduler - WARNING - Received heartbeat from unregistered worker 'tcp://10.80.153.129:42964'.
2024-05-27 17:58:33,391 - distributed.worker - ERROR - Scheduler was unaware of this worker 'tcp://10.80.153.127:34851'. Shutting down.
2024-05-27 17:58:33,392 - distributed.scheduler - WARNING - Received heartbeat from unregistered worker 'tcp://10.80.153.223:45821'.
2024-05-27 17:58:33,392 - distributed.scheduler - WARNING - Received heartbeat from unregistered worker 'tcp://10.80.153.129:38100'.
2024-05-27 17:58:33,392 - distributed.worker - ERROR - Scheduler was unaware of this worker 'tcp://10.80.153.223:45821'. Shutting down.
2024-05-27 17:58:33,392 - distributed.scheduler - WARNING - Received heartbeat from unregistered worker 'tcp://10.80.153.150:36131'.
2024-05-27 17:58:33,393 - distributed.scheduler - WARNING - Received heartbeat from unregistered worker 'tcp://10.80.153.223:38174'.
2024-05-27 17:58:33,393 - distributed.worker - ERROR - Scheduler was unaware of this worker 'tcp://10.80.153.150:36131'. Shutting down.
2024-05-27 17:58:33,393 - distributed.scheduler - WARNING - Received heartbeat from unregistered worker 'tcp://10.80.153.129:40382'.
2024-05-27 17:58:33,393 - distributed.scheduler - WARNING - Received heartbeat from unregistered worker 'tcp://10.80.153.150:34825'.
2024-05-27 17:58:33,394 - distributed.scheduler - WARNING - Received heartbeat from unregistered worker 'tcp://10.80.153.223:35801'.
2024-05-27 17:58:33,394 - distributed.scheduler - WARNING - Received heartbeat from unregistered worker 'tcp://10.80.153.212:40907'.
2024-05-27 17:58:33,394 - distributed.scheduler - WARNING - Received heartbeat from unregistered worker 'tcp://10.80.154.121:35017'.
2024-05-27 17:58:33,394 - distributed.scheduler - WARNING - Received heartbeat from unregistered worker 'tcp://10.80.153.146:37235'.
2024-05-27 17:58:33,394 - distributed.worker - ERROR - Scheduler was unaware of this worker 'tcp://10.80.154.121:35017'. Shutting down.
2024-05-27 17:58:33,395 - distributed.scheduler - WARNING - Received heartbeat from unregistered worker 'tcp://10.80.153.198:35724'.
2024-05-27 17:58:33,395 - distributed.scheduler - WARNING - Received heartbeat from unregistered worker 'tcp://10.80.153.200:33186'.
2024-05-27 17:58:33,395 - distributed.worker - ERROR - Scheduler was unaware of this worker 'tcp://10.80.153.146:37235'. Shutting down.
2024-05-27 17:58:33,395 - distributed.worker - ERROR - Scheduler was unaware of this worker 'tcp://10.80.153.198:35724'. Shutting down.
2024-05-27 17:58:33,395 - distributed.scheduler - WARNING - Received heartbeat from unregistered worker 'tcp://10.80.153.146:39611'.
2024-05-27 17:58:33,395 - distributed.worker - ERROR - Scheduler was unaware of this worker 'tcp://10.80.153.200:33186'. Shutting down.
2024-05-27 17:58:33,396 - distributed.scheduler - WARNING - Received heartbeat from unregistered worker 'tcp://10.80.153.219:35944'.
2024-05-27 17:58:33,396 - distributed.worker - ERROR - Scheduler was unaware of this worker 'tcp://10.80.153.146:39611'. Shutting down.
2024-05-27 17:58:33,396 - distributed.scheduler - WARNING - Received heartbeat from unregistered worker 'tcp://10.80.154.123:45211'.
2024-05-27 17:58:33,396 - distributed.worker - ERROR - Scheduler was unaware of this worker 'tcp://10.80.153.219:35944'. Shutting down.
2024-05-27 17:58:33,396 - distributed.scheduler - WARNING - Received heartbeat from unregistered worker 'tcp://10.80.153.223:37111'.
2024-05-27 17:58:33,396 - distributed.worker - ERROR - Scheduler was unaware of this worker 'tcp://10.80.154.123:45211'. Shutting down.
2024-05-27 17:58:33,397 - distributed.scheduler - WARNING - Received heartbeat from unregistered worker 'tcp://10.80.154.123:42833'.
2024-05-27 17:58:33,397 - distributed.scheduler - WARNING - Received heartbeat from unregistered worker 'tcp://10.80.154.123:41683'.
2024-05-27 17:58:33,397 - distributed.worker - ERROR - Scheduler was unaware of this worker 'tcp://10.80.154.123:42833'. Shutting down.
2024-05-27 17:58:33,397 - distributed.scheduler - WARNING - Received heartbeat from unregistered worker 'tcp://10.80.153.223:42199'.
2024-05-27 17:58:33,397 - distributed.worker - ERROR - Scheduler was unaware of this worker 'tcp://10.80.154.123:41683'. Shutting down.
2024-05-27 17:58:33,397 - distributed.scheduler - WARNING - Received heartbeat from unregistered worker 'tcp://10.80.153.137:46259'.
2024-05-27 17:58:33,398 - distributed.scheduler - WARNING - Received heartbeat from unregistered worker 'tcp://10.80.153.198:40392'.
2024-05-27 17:58:33,398 - distributed.scheduler - WARNING - Received heartbeat from unregistered worker 'tcp://10.80.153.127:42232'.
2024-05-27 17:58:33,398 - distributed.worker - ERROR - Scheduler was unaware of this worker 'tcp://10.80.153.137:46259'. Shutting down.
2024-05-27 17:58:33,398 - distributed.scheduler - WARNING - Received heartbeat from unregistered worker 'tcp://10.80.153.198:46002'.
2024-05-27 17:58:33,398 - distributed.worker - ERROR - Scheduler was unaware of this worker 'tcp://10.80.153.127:42232'. Shutting down.
2024-05-27 17:58:33,399 - distributed.scheduler - WARNING - Received heartbeat from unregistered worker 'tcp://10.80.153.198:42861'.
2024-05-27 17:58:33,399 - distributed.scheduler - WARNING - Received heartbeat from unregistered worker 'tcp://10.80.153.137:43498'.
2024-05-27 17:58:33,399 - distributed.scheduler - WARNING - Received heartbeat from unregistered worker 'tcp://10.80.153.222:35568'.
2024-05-27 17:58:33,399 - distributed.scheduler - WARNING - Received heartbeat from unregistered worker 'tcp://10.80.153.137:46640'.
2024-05-27 17:58:33,400 - distributed.worker - ERROR - Scheduler was unaware of this worker 'tcp://10.80.153.222:35568'. Shutting down.
2024-05-27 17:58:33,400 - distributed.scheduler - WARNING - Received heartbeat from unregistered worker 'tcp://10.80.153.204:39195'.
2024-05-27 17:58:33,400 - distributed.scheduler - WARNING - Received heartbeat from unregistered worker 'tcp://10.80.153.204:40237'.
2024-05-27 17:58:33,400 - distributed.scheduler - WARNING - Received heartbeat from unregistered worker 'tcp://10.80.153.200:40093'.
2024-05-27 17:58:33,401 - distributed.scheduler - WARNING - Received heartbeat from unregistered worker 'tcp://10.80.153.219:45044'.
2024-05-27 17:58:33,401 - distributed.worker - ERROR - Scheduler was unaware of this worker 'tcp://10.80.153.200:40093'. Shutting down.
2024-05-27 17:58:33,401 - distributed.scheduler - WARNING - Received heartbeat from unregistered worker 'tcp://10.80.153.137:38872'.
2024-05-27 17:58:33,401 - distributed.worker - ERROR - Scheduler was unaware of this worker 'tcp://10.80.153.219:45044'. Shutting down.
2024-05-27 17:58:33,401 - distributed.scheduler - WARNING - Received heartbeat from unregistered worker 'tcp://10.80.153.198:33239'.
2024-05-27 17:58:33,402 - distributed.scheduler - WARNING - Received heartbeat from unregistered worker 'tcp://10.80.153.222:42106'.
2024-05-27 17:58:33,402 - distributed.scheduler - WARNING - Received heartbeat from unregistered worker 'tcp://10.80.153.154:35119'.
2024-05-27 17:58:33,402 - distributed.scheduler - WARNING - Received heartbeat from unregistered worker 'tcp://10.80.153.206:38565'.
2024-05-27 17:58:33,402 - distributed.scheduler - WARNING - Received heartbeat from unregistered worker 'tcp://10.80.153.200:33789'.
2024-05-27 17:58:33,402 - distributed.worker - ERROR - Scheduler was unaware of this worker 'tcp://10.80.153.206:38565'. Shutting down.
2024-05-27 17:58:33,403 - distributed.scheduler - WARNING - Received heartbeat from unregistered worker 'tcp://10.80.153.219:35487'.
2024-05-27 17:58:33,403 - distributed.worker - ERROR - Scheduler was unaware of this worker 'tcp://10.80.153.200:33789'. Shutting down.
2024-05-27 17:58:33,403 - distributed.scheduler - WARNING - Received heartbeat from unregistered worker 'tcp://10.80.153.127:38527'.
2024-05-27 17:58:33,403 - distributed.worker - ERROR - Scheduler was unaware of this worker 'tcp://10.80.153.219:35487'. Shutting down.
2024-05-27 17:58:33,403 - distributed.worker - ERROR - Scheduler was unaware of this worker 'tcp://10.80.153.127:38527'. Shutting down.
2024-05-27 17:58:33,394 - distributed.worker - ERROR - Scheduler was unaware of this worker 'tcp://10.80.153.212:40907'. Shutting down.
2024-05-27 17:58:33,402 - distributed.worker - ERROR - Scheduler was unaware of this worker 'tcp://10.80.153.154:35119'. Shutting down.
2024-05-27 17:58:33,374 - distributed.worker - ERROR - Scheduler was unaware of this worker 'tcp://10.80.153.204:45277'. Shutting down.
2024-05-27 17:58:33,400 - distributed.worker - ERROR - Scheduler was unaware of this worker 'tcp://10.80.153.204:39195'. Shutting down.
2024-05-27 17:58:33,400 - distributed.worker - ERROR - Scheduler was unaware of this worker 'tcp://10.80.153.204:40237'. Shutting down.
2024-05-27 17:58:33,414 - distributed.scheduler - WARNING - Received heartbeat from unregistered worker 'tcp://10.80.153.127:38729'.
2024-05-27 17:58:33,414 - distributed.worker - ERROR - Scheduler was unaware of this worker 'tcp://10.80.153.127:38729'. Shutting down.
2024-05-27 17:58:33,417 - distributed.scheduler - WARNING - Received heartbeat from unregistered worker 'tcp://10.80.153.206:33285'.
2024-05-27 17:58:33,420 - distributed.scheduler - WARNING - Received heartbeat from unregistered worker 'tcp://10.80.153.206:37579'.
2024-05-27 17:58:33,426 - distributed.scheduler - WARNING - Received heartbeat from unregistered worker 'tcp://10.80.153.222:39116'.
2024-05-27 17:58:33,429 - distributed.scheduler - WARNING - Received heartbeat from unregistered worker 'tcp://10.80.153.222:38425'.
2024-05-27 17:58:33,392 - distributed.worker - ERROR - Scheduler was unaware of this worker 'tcp://10.80.153.129:42964'. Shutting down.
2024-05-27 17:58:33,392 - distributed.worker - ERROR - Scheduler was unaware of this worker 'tcp://10.80.153.129:38100'. Shutting down.
2024-05-27 17:58:33,393 - distributed.worker - ERROR - Scheduler was unaware of this worker 'tcp://10.80.153.129:40382'. Shutting down.
2024-05-27 17:58:33,394 - distributed.worker - ERROR - Scheduler was unaware of this worker 'tcp://10.80.153.150:34825'. Shutting down.
2024-05-27 17:58:33,393 - distributed.worker - ERROR - Scheduler was unaware of this worker 'tcp://10.80.153.223:38174'. Shutting down.
2024-05-27 17:58:33,394 - distributed.worker - ERROR - Scheduler was unaware of this worker 'tcp://10.80.153.223:35801'. Shutting down.
2024-05-27 17:58:33,396 - distributed.worker - ERROR - Scheduler was unaware of this worker 'tcp://10.80.153.223:37111'. Shutting down.
2024-05-27 17:58:33,397 - distributed.worker - ERROR - Scheduler was unaware of this worker 'tcp://10.80.153.223:42199'. Shutting down.
2024-05-27 17:58:33,433 - distributed.scheduler - WARNING - Received heartbeat from unregistered worker 'tcp://10.80.153.206:45401'.
2024-05-27 17:58:33,434 - distributed.scheduler - WARNING - Received heartbeat from unregistered worker 'tcp://10.80.153.206:43281'.
2024-05-27 17:58:33,434 - distributed.scheduler - WARNING - Received heartbeat from unregistered worker 'tcp://10.80.153.222:34064'.
2024-05-27 17:58:33,435 - distributed.scheduler - WARNING - Received heartbeat from unregistered worker 'tcp://10.80.153.225:40277'.
2024-05-27 17:58:33,435 - distributed.scheduler - WARNING - Received heartbeat from unregistered worker 'tcp://10.80.154.131:42704'.
2024-05-27 17:58:33,435 - distributed.worker - ERROR - Scheduler was unaware of this worker 'tcp://10.80.153.225:40277'. Shutting down.
2024-05-27 17:58:33,398 - distributed.worker - ERROR - Scheduler was unaware of this worker 'tcp://10.80.153.198:40392'. Shutting down.
2024-05-27 17:58:33,399 - distributed.worker - ERROR - Scheduler was unaware of this worker 'tcp://10.80.153.198:46002'. Shutting down.
2024-05-27 17:58:33,399 - distributed.worker - ERROR - Scheduler was unaware of this worker 'tcp://10.80.153.198:42861'. Shutting down.
2024-05-27 17:58:33,402 - distributed.worker - ERROR - Scheduler was unaware of this worker 'tcp://10.80.153.198:33239'. Shutting down.
2024-05-27 17:58:33,435 - distributed.worker - ERROR - Scheduler was unaware of this worker 'tcp://10.80.154.131:42704'. Shutting down.
2024-05-27 17:58:33,399 - distributed.worker - ERROR - Scheduler was unaware of this worker 'tcp://10.80.153.137:43498'. Shutting down.
2024-05-27 17:58:33,400 - distributed.worker - ERROR - Scheduler was unaware of this worker 'tcp://10.80.153.137:46640'. Shutting down.
2024-05-27 17:58:33,401 - distributed.worker - ERROR - Scheduler was unaware of this worker 'tcp://10.80.153.137:38872'. Shutting down.
2024-05-27 17:58:33,402 - distributed.worker - ERROR - Scheduler was unaware of this worker 'tcp://10.80.153.222:42106'. Shutting down.
2024-05-27 17:58:33,426 - distributed.worker - ERROR - Scheduler was unaware of this worker 'tcp://10.80.153.222:39116'. Shutting down.
2024-05-27 17:58:33,430 - distributed.worker - ERROR - Scheduler was unaware of this worker 'tcp://10.80.153.222:38425'. Shutting down.
2024-05-27 17:58:33,435 - distributed.worker - ERROR - Scheduler was unaware of this worker 'tcp://10.80.153.222:34064'. Shutting down.
2024-05-27 17:58:33,417 - distributed.worker - ERROR - Scheduler was unaware of this worker 'tcp://10.80.153.206:33285'. Shutting down.
2024-05-27 17:58:33,420 - distributed.worker - ERROR - Scheduler was unaware of this worker 'tcp://10.80.153.206:37579'. Shutting down.
2024-05-27 17:58:33,433 - distributed.worker - ERROR - Scheduler was unaware of this worker 'tcp://10.80.153.206:45401'. Shutting down.
2024-05-27 17:58:33,434 - distributed.worker - ERROR - Scheduler was unaware of this worker 'tcp://10.80.153.206:43281'. Shutting down.
2024-05-27 17:58:33,447 - distributed.scheduler - WARNING - Received heartbeat from unregistered worker 'tcp://10.80.154.131:46154'.
2024-05-27 17:58:33,447 - distributed.scheduler - WARNING - Received heartbeat from unregistered worker 'tcp://10.80.153.225:46835'.
2024-05-27 17:58:33,447 - distributed.worker - ERROR - Scheduler was unaware of this worker 'tcp://10.80.154.131:46154'. Shutting down.
2024-05-27 17:58:33,447 - distributed.scheduler - WARNING - Received heartbeat from unregistered worker 'tcp://10.80.154.131:35492'.
2024-05-27 17:58:33,447 - distributed.worker - ERROR - Scheduler was unaware of this worker 'tcp://10.80.153.225:46835'. Shutting down.
2024-05-27 17:58:33,448 - distributed.scheduler - WARNING - Received heartbeat from unregistered worker 'tcp://10.80.153.225:36039'.
2024-05-27 17:58:33,448 - distributed.worker - ERROR - Scheduler was unaware of this worker 'tcp://10.80.154.131:35492'. Shutting down.
2024-05-27 17:58:33,448 - distributed.scheduler - WARNING - Received heartbeat from unregistered worker 'tcp://10.80.154.131:37061'.
2024-05-27 17:58:33,448 - distributed.worker - ERROR - Scheduler was unaware of this worker 'tcp://10.80.153.225:36039'. Shutting down.
2024-05-27 17:58:33,448 - distributed.scheduler - WARNING - Received heartbeat from unregistered worker 'tcp://10.80.153.225:38621'.
2024-05-27 17:58:33,448 - distributed.worker - ERROR - Scheduler was unaware of this worker 'tcp://10.80.154.131:37061'. Shutting down.
2024-05-27 17:58:33,448 - distributed.scheduler - WARNING - Received heartbeat from unregistered worker 'tcp://10.80.154.131:39685'.
2024-05-27 17:58:33,449 - distributed.worker - ERROR - Scheduler was unaware of this worker 'tcp://10.80.153.225:38621'. Shutting down.
2024-05-27 17:58:33,449 - distributed.scheduler - WARNING - Received heartbeat from unregistered worker 'tcp://10.80.153.225:44127'.
2024-05-27 17:58:33,449 - distributed.worker - ERROR - Scheduler was unaware of this worker 'tcp://10.80.154.131:39685'. Shutting down.
2024-05-27 17:58:33,449 - distributed.scheduler - WARNING - Received heartbeat from unregistered worker 'tcp://10.80.154.142:35452'.
2024-05-27 17:58:33,449 - distributed.worker - ERROR - Scheduler was unaware of this worker 'tcp://10.80.153.225:44127'. Shutting down.
2024-05-27 17:58:33,450 - distributed.worker - ERROR - Scheduler was unaware of this worker 'tcp://10.80.154.142:35452'. Shutting down.
2024-05-27 17:58:33,450 - distributed.scheduler - WARNING - Received heartbeat from unregistered worker 'tcp://10.80.154.142:40599'.
2024-05-27 17:58:33,450 - distributed.worker - ERROR - Scheduler was unaware of this worker 'tcp://10.80.154.142:40599'. Shutting down.
2024-05-27 17:58:33,450 - distributed.scheduler - WARNING - Received heartbeat from unregistered worker 'tcp://10.80.154.142:36553'.
2024-05-27 17:58:33,451 - distributed.scheduler - WARNING - Received heartbeat from unregistered worker 'tcp://10.80.154.142:36172'.
2024-05-27 17:58:33,451 - distributed.worker - ERROR - Scheduler was unaware of this worker 'tcp://10.80.154.142:36553'. Shutting down.
2024-05-27 17:58:33,451 - distributed.scheduler - WARNING - Received heartbeat from unregistered worker 'tcp://10.80.154.142:44624'.
2024-05-27 17:58:33,451 - distributed.worker - ERROR - Scheduler was unaware of this worker 'tcp://10.80.154.142:36172'. Shutting down.
2024-05-27 17:58:33,451 - distributed.scheduler - WARNING - Received heartbeat from unregistered worker 'tcp://10.80.153.133:46290'.
2024-05-27 17:58:33,451 - distributed.worker - ERROR - Scheduler was unaware of this worker 'tcp://10.80.154.142:44624'. Shutting down.
2024-05-27 17:58:33,452 - distributed.scheduler - WARNING - Received heartbeat from unregistered worker 'tcp://10.80.153.133:46641'.
2024-05-27 17:58:33,452 - distributed.worker - ERROR - Scheduler was unaware of this worker 'tcp://10.80.153.133:46290'. Shutting down.
[INFO] Done processing
[INFO]   Total input/output synapse counts: 407127134/0 (Diff: -407127134)
[ERROR] No .parquet files to convert!
Traceback (most recent call last):
  File "/gpfs/bbp.cscs.ch/project/proj112/home/kurban/christoph_paper/github/venv_3_10_8/bin/parallel-manipulator", line 8, in <module>
    sys.exit(app())
  File "/gpfs/bbp.cscs.ch/project/proj112/home/kurban/christoph_paper/github/venv_3_10_8/lib/python3.10/site-packages/click/core.py", line 1157, in __call__
    return self.main(*args, **kwargs)
  File "/gpfs/bbp.cscs.ch/project/proj112/home/kurban/christoph_paper/github/venv_3_10_8/lib/python3.10/site-packages/click/core.py", line 1078, in main
    rv = self.invoke(ctx)
  File "/gpfs/bbp.cscs.ch/project/proj112/home/kurban/christoph_paper/github/venv_3_10_8/lib/python3.10/site-packages/click/core.py", line 1688, in invoke
    return _process_result(sub_ctx.command.invoke(sub_ctx))
  File "/gpfs/bbp.cscs.ch/project/proj112/home/kurban/christoph_paper/github/venv_3_10_8/lib/python3.10/site-packages/click/core.py", line 1434, in invoke
    return ctx.invoke(self.callback, **ctx.params)
  File "/gpfs/bbp.cscs.ch/project/proj112/home/kurban/christoph_paper/github/venv_3_10_8/lib/python3.10/site-packages/click/core.py", line 783, in invoke
    return __callback(*args, **kwargs)
  File "/gpfs/bbp.cscs.ch/project/proj112/home/kurban/christoph_paper/github/venv_3_10_8/lib/python3.10/site-packages/connectome_manipulator/cli.py", line 116, in manipulate_connectome
2024-05-27 17:58:33,452 - distributed.worker - ERROR - Scheduler was unaware of this worker 'tcp://10.80.153.133:46641'. Shutting down.
    connectome_manipulation.main(options, log_file, executor_args=parallel_arg)
  File "/gpfs/bbp.cscs.ch/ssd/apps/bsd/2023-02-23/stage_externals/install_gcc-12.2.0-skylake/python-3.10.8-rvn6l5/lib/python3.10/contextlib.py", line 79, in inner
    return func(*args, **kwds)
  File "/gpfs/bbp.cscs.ch/project/proj112/home/kurban/christoph_paper/github/venv_3_10_8/lib/python3.10/site-packages/connectome_manipulator/connectome_manipulation/connectome_manipulation.py", line 396, in main
2024-05-27 17:58:33,503 - distributed.scheduler - WARNING - Received heartbeat from unregistered worker 'tcp://10.80.153.133:33993'.
2024-05-27 17:58:33,504 - distributed.scheduler - WARNING - Received heartbeat from unregistered worker 'tcp://10.80.153.133:36419'.
2024-05-27 17:58:33,504 - distributed.worker - ERROR - Scheduler was unaware of this worker 'tcp://10.80.153.133:33993'. Shutting down.
2024-05-27 17:58:33,504 - distributed.scheduler - WARNING - Received heartbeat from unregistered worker 'tcp://10.80.153.133:41556'.
2024-05-27 17:58:33,504 - distributed.worker - ERROR - Scheduler was unaware of this worker 'tcp://10.80.153.133:36419'. Shutting down.
2024-05-27 17:58:33,504 - distributed.scheduler - WARNING - Received heartbeat from unregistered worker 'tcp://10.80.153.214:40730'.
2024-05-27 17:58:33,504 - distributed.worker - ERROR - Scheduler was unaware of this worker 'tcp://10.80.153.133:41556'. Shutting down.
2024-05-27 17:58:33,505 - distributed.scheduler - WARNING - Received heartbeat from unregistered worker 'tcp://10.80.153.214:39038'.
2024-05-27 17:58:33,505 - distributed.scheduler - WARNING - Received heartbeat from unregistered worker 'tcp://10.80.153.214:44169'.
2024-05-27 17:58:33,505 - distributed.scheduler - WARNING - Received heartbeat from unregistered worker 'tcp://10.80.153.214:41319'.
2024-05-27 17:58:33,506 - distributed.scheduler - WARNING - Received heartbeat from unregistered worker 'tcp://10.80.153.214:39785'.
2024-05-27 17:58:33,509 - distributed.worker - ERROR - Scheduler was unaware of this worker 'tcp://10.80.153.214:39785'. Shutting down.
    parquet_to_sonata(
  File "/gpfs/bbp.cscs.ch/project/proj112/home/kurban/christoph_paper/github/venv_3_10_8/lib/python3.10/site-packages/connectome_manipulator/connectome_manipulation/converters.py", line 241, in parquet_to_sonata
    log.log_assert(len(input_file_list) > 0, "No .parquet files to convert!")
  File "/gpfs/bbp.cscs.ch/project/proj112/home/kurban/christoph_paper/github/venv_3_10_8/lib/python3.10/site-packages/connectome_manipulator/log.py", line 53, in log_assert
    assert cond, msg
AssertionError: No .parquet files to convert!
2024-05-27 17:58:33,494 - distributed.worker - ERROR - Failed to communicate with scheduler during heartbeat.
Traceback (most recent call last):
  File "/gpfs/bbp.cscs.ch/project/proj112/home/kurban/christoph_paper/github/venv_3_10_8/lib/python3.10/site-packages/distributed/comm/tcp.py", line 225, in read
    frames_nbytes = await stream.read_bytes(fmt_size)
tornado.iostream.StreamClosedError: Stream is closed

The above exception was the direct cause of the following exception:

Traceback (most recent call last):
  File "/gpfs/bbp.cscs.ch/project/proj112/home/kurban/christoph_paper/github/venv_3_10_8/lib/python3.10/site-packages/distributed/worker.py", line 1238, in heartbeat
    response = await retry_operation(
  File "/gpfs/bbp.cscs.ch/project/proj112/home/kurban/christoph_paper/github/venv_3_10_8/lib/python3.10/site-packages/distributed/utils_comm.py", line 434, in retry_operation
    return await retry(
  File "/gpfs/bbp.cscs.ch/project/proj112/home/kurban/christoph_paper/github/venv_3_10_8/lib/python3.10/site-packages/distributed/utils_comm.py", line 413, in retry
    return await coro()
  File "/gpfs/bbp.cscs.ch/project/proj112/home/kurban/christoph_paper/github/venv_3_10_8/lib/python3.10/site-packages/distributed/core.py", line 1365, in send_recv_from_rpc
    return await send_recv(comm=comm, op=key, **kwargs)
  File "/gpfs/bbp.cscs.ch/project/proj112/home/kurban/christoph_paper/github/venv_3_10_8/lib/python3.10/site-packages/distributed/core.py", line 1124, in send_recv
    response = await comm.read(deserializers=deserializers)
  File "/gpfs/bbp.cscs.ch/project/proj112/home/kurban/christoph_paper/github/venv_3_10_8/lib/python3.10/site-packages/distributed/comm/tcp.py", line 241, in read
    convert_stream_closed_error(self, e)
  File "/gpfs/bbp.cscs.ch/project/proj112/home/kurban/christoph_paper/github/venv_3_10_8/lib/python3.10/site-packages/distributed/comm/tcp.py", line 144, in convert_stream_closed_error
    raise CommClosedError(f"in {obj}: {exc}") from exc
distributed.comm.core.CommClosedError: in <TCP (closed) ConnectionPool.heartbeat_worker local=tcp://10.80.153.214:58330 remote=tcp://10.80.154.119:46409>: Stream is closed
2024-05-27 17:58:33,484 - distributed.worker - ERROR - Failed to communicate with scheduler during heartbeat.
Traceback (most recent call last):
  File "/gpfs/bbp.cscs.ch/project/proj112/home/kurban/christoph_paper/github/venv_3_10_8/lib/python3.10/site-packages/distributed/comm/tcp.py", line 225, in read
    frames_nbytes = await stream.read_bytes(fmt_size)
tornado.iostream.StreamClosedError: Stream is closed

The above exception was the direct cause of the following exception:

Traceback (most recent call last):
  File "/gpfs/bbp.cscs.ch/project/proj112/home/kurban/christoph_paper/github/venv_3_10_8/lib/python3.10/site-packages/distributed/worker.py", line 1238, in heartbeat
    response = await retry_operation(
  File "/gpfs/bbp.cscs.ch/project/proj112/home/kurban/christoph_paper/github/venv_3_10_8/lib/python3.10/site-packages/distributed/utils_comm.py", line 434, in retry_operation
    return await retry(
  File "/gpfs/bbp.cscs.ch/project/proj112/home/kurban/christoph_paper/github/venv_3_10_8/lib/python3.10/site-packages/distributed/utils_comm.py", line 413, in retry
    return await coro()
  File "/gpfs/bbp.cscs.ch/project/proj112/home/kurban/christoph_paper/github/venv_3_10_8/lib/python3.10/site-packages/distributed/core.py", line 1365, in send_recv_from_rpc
    return await send_recv(comm=comm, op=key, **kwargs)
  File "/gpfs/bbp.cscs.ch/project/proj112/home/kurban/christoph_paper/github/venv_3_10_8/lib/python3.10/site-packages/distributed/core.py", line 1124, in send_recv
    response = await comm.read(deserializers=deserializers)
  File "/gpfs/bbp.cscs.ch/project/proj112/home/kurban/christoph_paper/github/venv_3_10_8/lib/python3.10/site-packages/distributed/comm/tcp.py", line 241, in read
    convert_stream_closed_error(self, e)
  File "/gpfs/bbp.cscs.ch/project/proj112/home/kurban/christoph_paper/github/venv_3_10_8/lib/python3.10/site-packages/distributed/comm/tcp.py", line 144, in convert_stream_closed_error
    raise CommClosedError(f"in {obj}: {exc}") from exc
distributed.comm.core.CommClosedError: in <TCP (closed) ConnectionPool.heartbeat_worker local=tcp://10.80.153.214:58334 remote=tcp://10.80.154.119:46409>: Stream is closed
2024-05-27 17:58:33,489 - distributed.worker - ERROR - Failed to communicate with scheduler during heartbeat.
Traceback (most recent call last):
  File "/gpfs/bbp.cscs.ch/project/proj112/home/kurban/christoph_paper/github/venv_3_10_8/lib/python3.10/site-packages/distributed/comm/tcp.py", line 225, in read
    frames_nbytes = await stream.read_bytes(fmt_size)
tornado.iostream.StreamClosedError: Stream is closed

The above exception was the direct cause of the following exception:

Traceback (most recent call last):
  File "/gpfs/bbp.cscs.ch/project/proj112/home/kurban/christoph_paper/github/venv_3_10_8/lib/python3.10/site-packages/distributed/worker.py", line 1238, in heartbeat
    response = await retry_operation(
  File "/gpfs/bbp.cscs.ch/project/proj112/home/kurban/christoph_paper/github/venv_3_10_8/lib/python3.10/site-packages/distributed/utils_comm.py", line 434, in retry_operation
    return await retry(
  File "/gpfs/bbp.cscs.ch/project/proj112/home/kurban/christoph_paper/github/venv_3_10_8/lib/python3.10/site-packages/distributed/utils_comm.py", line 413, in retry
    return await coro()
  File "/gpfs/bbp.cscs.ch/project/proj112/home/kurban/christoph_paper/github/venv_3_10_8/lib/python3.10/site-packages/distributed/core.py", line 1365, in send_recv_from_rpc
    return await send_recv(comm=comm, op=key, **kwargs)
  File "/gpfs/bbp.cscs.ch/project/proj112/home/kurban/christoph_paper/github/venv_3_10_8/lib/python3.10/site-packages/distributed/core.py", line 1124, in send_recv
    response = await comm.read(deserializers=deserializers)
  File "/gpfs/bbp.cscs.ch/project/proj112/home/kurban/christoph_paper/github/venv_3_10_8/lib/python3.10/site-packages/distributed/comm/tcp.py", line 241, in read
    convert_stream_closed_error(self, e)
  File "/gpfs/bbp.cscs.ch/project/proj112/home/kurban/christoph_paper/github/venv_3_10_8/lib/python3.10/site-packages/distributed/comm/tcp.py", line 144, in convert_stream_closed_error
    raise CommClosedError(f"in {obj}: {exc}") from exc
distributed.comm.core.CommClosedError: in <TCP (closed) ConnectionPool.heartbeat_worker local=tcp://10.80.153.214:58332 remote=tcp://10.80.154.119:46409>: Stream is closed
2024-05-27 17:58:33,491 - distributed.worker - ERROR - Failed to communicate with scheduler during heartbeat.
Traceback (most recent call last):
  File "/gpfs/bbp.cscs.ch/project/proj112/home/kurban/christoph_paper/github/venv_3_10_8/lib/python3.10/site-packages/distributed/comm/tcp.py", line 225, in read
    frames_nbytes = await stream.read_bytes(fmt_size)
tornado.iostream.StreamClosedError: Stream is closed

The above exception was the direct cause of the following exception:

Traceback (most recent call last):
  File "/gpfs/bbp.cscs.ch/project/proj112/home/kurban/christoph_paper/github/venv_3_10_8/lib/python3.10/site-packages/distributed/worker.py", line 1238, in heartbeat
    response = await retry_operation(
  File "/gpfs/bbp.cscs.ch/project/proj112/home/kurban/christoph_paper/github/venv_3_10_8/lib/python3.10/site-packages/distributed/utils_comm.py", line 434, in retry_operation
    return await retry(
  File "/gpfs/bbp.cscs.ch/project/proj112/home/kurban/christoph_paper/github/venv_3_10_8/lib/python3.10/site-packages/distributed/utils_comm.py", line 413, in retry
    return await coro()
  File "/gpfs/bbp.cscs.ch/project/proj112/home/kurban/christoph_paper/github/venv_3_10_8/lib/python3.10/site-packages/distributed/core.py", line 1365, in send_recv_from_rpc
    return await send_recv(comm=comm, op=key, **kwargs)
  File "/gpfs/bbp.cscs.ch/project/proj112/home/kurban/christoph_paper/github/venv_3_10_8/lib/python3.10/site-packages/distributed/core.py", line 1124, in send_recv
    response = await comm.read(deserializers=deserializers)
  File "/gpfs/bbp.cscs.ch/project/proj112/home/kurban/christoph_paper/github/venv_3_10_8/lib/python3.10/site-packages/distributed/comm/tcp.py", line 241, in read
    convert_stream_closed_error(self, e)
  File "/gpfs/bbp.cscs.ch/project/proj112/home/kurban/christoph_paper/github/venv_3_10_8/lib/python3.10/site-packages/distributed/comm/tcp.py", line 144, in convert_stream_closed_error
    raise CommClosedError(f"in {obj}: {exc}") from exc
distributed.comm.core.CommClosedError: in <TCP (closed) ConnectionPool.heartbeat_worker local=tcp://10.80.153.214:58336 remote=tcp://10.80.154.119:46409>: Stream is closed
srun: error: r3i5n18: task 1: Exited with exit code 1
srun: launch/slurm: _step_signal: Terminating StepId=2206623.0
